<?xml version="1.0" encoding="UTF-8"?>
<testng-results ignored="0" total="1" passed="1" failed="0" skipped="0">
  <reporter-output>
  </reporter-output>
  <suite started-at="2023-07-17T11:11:32 IST" name="Suite" finished-at="2023-07-17T11:13:59 IST" duration-ms="146642">
    <groups>
    </groups>
    <test started-at="2023-07-17T11:11:32 IST" name="Test" finished-at="2023-07-17T11:13:59 IST" duration-ms="146642">
      <class name="Functionality.Registerpagefunctionality">
        <test-method is-config="true" signature="beforeTest()[pri:0, instance:Functionality.Registerpagefunctionality@57a78e3]" started-at="2023-07-17T11:11:33 IST" name="beforeTest" finished-at="2023-07-17T11:13:08 IST" duration-ms="94242" status="PASS">
          <reporter-output>
          </reporter-output>
        </test-method> <!-- beforeTest -->
        <test-method signature="registerpageTest()[pri:0, instance:Functionality.Registerpagefunctionality@57a78e3]" started-at="2023-07-17T11:13:08 IST" name="registerpageTest" finished-at="2023-07-17T11:13:59 IST" duration-ms="51018" status="PASS">
          <reporter-output>
          </reporter-output>
        </test-method> <!-- registerpageTest -->
      </class> <!-- Functionality.Registerpagefunctionality -->
    </test> <!-- Test -->
  </suite> <!-- Suite -->
</testng-results>
