<?xml version="1.0" encoding="UTF-8"?>
<testng-results ignored="0" total="1" passed="1" failed="0" skipped="0">
  <reporter-output>
  </reporter-output>
  <suite started-at="2023-07-10T10:40:17 IST" name="Suite" finished-at="2023-07-10T10:41:43 IST" duration-ms="85646">
    <groups>
    </groups>
    <test started-at="2023-07-10T10:40:17 IST" name="Test" finished-at="2023-07-10T10:41:43 IST" duration-ms="85646">
      <class name="Functionality.Registerpagefunctionality">
        <test-method is-config="true" signature="beforeTest()[pri:0, instance:Functionality.Registerpagefunctionality@57a78e3]" started-at="2023-07-10T10:40:18 IST" name="beforeTest" finished-at="2023-07-10T10:41:01 IST" duration-ms="43755" status="PASS">
          <reporter-output>
          </reporter-output>
        </test-method> <!-- beforeTest -->
        <test-method signature="registerpageTest()[pri:0, instance:Functionality.Registerpagefunctionality@57a78e3]" started-at="2023-07-10T10:41:01 IST" name="registerpageTest" finished-at="2023-07-10T10:41:43 IST" duration-ms="41222" status="PASS">
          <reporter-output>
          </reporter-output>
        </test-method> <!-- registerpageTest -->
      </class> <!-- Functionality.Registerpagefunctionality -->
    </test> <!-- Test -->
  </suite> <!-- Suite -->
</testng-results>
